java.io.FileNotFoundException: source/char_cost.utf8 (No such file or directory)
	at java.io.FileInputStream.open0(Native Method)
	at java.io.FileInputStream.open(FileInputStream.java:195)
	at java.io.FileInputStream.<init>(FileInputStream.java:138)
	at scala.io.Source$.fromFile(Source.scala:91)
	at scala.io.Source$.fromFile(Source.scala:76)
	at scala.io.Source$.fromFile(Source.scala:54)
	at com.haizhi.nlp.string.CostSimilarity.loadMap(CostSimilarity.scala:17)
	at com.haizhi.nlp.entitylink.EntityLinker.<init>(EntityLinker.scala:31)
	at com.haizhi.nlp.HZNLP.<init>(HZNLP.scala:38)
	at com.haizhi.nlp.server.NlpImpl.<init>(NlpImpl.scala:15)
	at com.haizhi.nlp.server.NlpServer.<init>(NlpServer.scala:9)
	at com.haizhi.nlp.server.NlpServer$.main(NlpServer.scala:45)
	at com.haizhi.nlp.server.NlpServer.main(NlpServer.scala)
load double array trie, file length: 0, datrie size: 0
java.io.FileNotFoundException: source/company_key_dac (No such file or directory)
	at java.io.FileInputStream.open0(Native Method)
	at java.io.FileInputStream.open(FileInputStream.java:195)
	at java.io.FileInputStream.<init>(FileInputStream.java:138)
	at com.haizhi.nlp.trie.DoubleArrayClone.open(DoubleArrayClone.scala:74)
	at com.haizhi.nlp.entitylink.EntityLinker.<init>(EntityLinker.scala:41)
	at com.haizhi.nlp.HZNLP.<init>(HZNLP.scala:38)
	at com.haizhi.nlp.server.NlpImpl.<init>(NlpImpl.scala:15)
	at com.haizhi.nlp.server.NlpServer.<init>(NlpServer.scala:9)
	at com.haizhi.nlp.server.NlpServer$.main(NlpServer.scala:45)
	at com.haizhi.nlp.server.NlpServer.main(NlpServer.scala)
load double array trie, file length: 0, datrie size: 0
java.io.FileNotFoundException: source/company_dat (No such file or directory)
	at java.io.FileInputStream.open0(Native Method)
	at java.io.FileInputStream.open(FileInputStream.java:195)
	at java.io.FileInputStream.<init>(FileInputStream.java:138)
	at com.haizhi.nlp.trie.DoubleArrayTrie.open(DoubleArrayTrie.scala:245)
	at com.haizhi.nlp.HZNLP.<init>(HZNLP.scala:44)
	at com.haizhi.nlp.server.NlpImpl.<init>(NlpImpl.scala:15)
	at com.haizhi.nlp.server.NlpServer.<init>(NlpServer.scala:9)
	at com.haizhi.nlp.server.NlpServer$.main(NlpServer.scala:45)
	at com.haizhi.nlp.server.NlpServer.main(NlpServer.scala)
*** NlpServer start at port: 51051
七月 31, 2017 6:03:43 下午 com.github.fommil.jni.JniLoader liberalLoad
信息: successfully loaded /var/folders/t0/9y8k3bl902q8qzh7qsjsxxxw0000gn/T/jniloader6667863423421668415netlib-native_system-osx-x86_64.jnilib
java.io.FileNotFoundException: source/char_cost.utf8 (No such file or directory)
	at java.io.FileInputStream.open0(Native Method)
	at java.io.FileInputStream.open(FileInputStream.java:195)
	at java.io.FileInputStream.<init>(FileInputStream.java:138)
	at scala.io.Source$.fromFile(Source.scala:91)
	at scala.io.Source$.fromFile(Source.scala:76)
	at scala.io.Source$.fromFile(Source.scala:54)
	at com.haizhi.nlp.string.CostSimilarity.loadMap(CostSimilarity.scala:17)
	at com.haizhi.nlp.entitylink.EntityLinker.<init>(EntityLinker.scala:31)
	at com.haizhi.nlp.HZNLP.<init>(HZNLP.scala:38)
	at com.haizhi.nlp.EventExtract.Extractor$$anonfun$3.apply(Extractor.scala:64)
	at com.haizhi.nlp.EventExtract.Extractor$$anonfun$3.apply(Extractor.scala:62)
	at scala.collection.TraversableLike$$anonfun$map$1.apply(TraversableLike.scala:234)
	at scala.collection.TraversableLike$$anonfun$map$1.apply(TraversableLike.scala:234)
	at scala.collection.immutable.Map$Map1.foreach(Map.scala:116)
	at scala.collection.TraversableLike$class.map(TraversableLike.scala:234)
	at scala.collection.AbstractTraversable.map(Traversable.scala:104)
	at com.haizhi.nlp.EventExtract.Extractor.extract(Extractor.scala:62)
	at com.haizhi.nlp.EventExtract.Extractor.extractJson(Extractor.scala:80)
	at com.haizhi.nlp.EventExtract.Bid$.parse_text_local(Bid.scala:77)
	at com.haizhi.nlp.server.NlpImpl.bid(NlpImpl.scala:140)
	at com.haizhi.nlp.server.NlpGrpc$MethodHandlers.invoke(NlpGrpc.java:606)
	at io.grpc.stub.ServerCalls$1$1.onHalfClose(ServerCalls.java:150)
	at io.grpc.internal.ServerCallImpl$ServerStreamListenerImpl.halfClosed(ServerCallImpl.java:260)
	at io.grpc.internal.ServerImpl$JumpToApplicationThreadServerStreamListener$2.runInContext(ServerImpl.java:503)
	at io.grpc.internal.ContextRunnable.run(ContextRunnable.java:52)
	at io.grpc.internal.SerializingExecutor$TaskRunner.run(SerializingExecutor.java:154)
	at java.util.concurrent.ThreadPoolExecutor.runWorker(ThreadPoolExecutor.java:1142)
	at java.util.concurrent.ThreadPoolExecutor$Worker.run(ThreadPoolExecutor.java:617)
	at java.lang.Thread.run(Thread.java:745)
load double array trie, file length: 0, datrie size: 0
java.io.FileNotFoundException: source/company_key_dac (No such file or directory)
	at java.io.FileInputStream.open0(Native Method)
	at java.io.FileInputStream.open(FileInputStream.java:195)
	at java.io.FileInputStream.<init>(FileInputStream.java:138)
	at com.haizhi.nlp.trie.DoubleArrayClone.open(DoubleArrayClone.scala:74)
	at com.haizhi.nlp.entitylink.EntityLinker.<init>(EntityLinker.scala:41)
	at com.haizhi.nlp.HZNLP.<init>(HZNLP.scala:38)
	at com.haizhi.nlp.EventExtract.Extractor$$anonfun$3.apply(Extractor.scala:64)
	at com.haizhi.nlp.EventExtract.Extractor$$anonfun$3.apply(Extractor.scala:62)
	at scala.collection.TraversableLike$$anonfun$map$1.apply(TraversableLike.scala:234)
	at scala.collection.TraversableLike$$anonfun$map$1.apply(TraversableLike.scala:234)
	at scala.collection.immutable.Map$Map1.foreach(Map.scala:116)
	at scala.collection.TraversableLike$class.map(TraversableLike.scala:234)
	at scala.collection.AbstractTraversable.map(Traversable.scala:104)
	at com.haizhi.nlp.EventExtract.Extractor.extract(Extractor.scala:62)
	at com.haizhi.nlp.EventExtract.Extractor.extractJson(Extractor.scala:80)
	at com.haizhi.nlp.EventExtract.Bid$.parse_text_local(Bid.scala:77)
	at com.haizhi.nlp.server.NlpImpl.bid(NlpImpl.scala:140)
	at com.haizhi.nlp.server.NlpGrpc$MethodHandlers.invoke(NlpGrpc.java:606)
	at io.grpc.stub.ServerCalls$1$1.onHalfClose(ServerCalls.java:150)
	at io.grpc.internal.ServerCallImpl$ServerStreamListenerImpl.halfClosed(ServerCallImpl.java:260)
	at io.grpc.internal.ServerImpl$JumpToApplicationThreadServerStreamListener$2.runInContext(ServerImpl.java:503)
	at io.grpc.internal.ContextRunnable.run(ContextRunnable.java:52)
	at io.grpc.internal.SerializingExecutor$TaskRunner.run(SerializingExecutor.java:154)
	at java.util.concurrent.ThreadPoolExecutor.runWorker(ThreadPoolExecutor.java:1142)
	at java.util.concurrent.ThreadPoolExecutor$Worker.run(ThreadPoolExecutor.java:617)
	at java.lang.Thread.run(Thread.java:745)
load double array trie, file length: 0, datrie size: 0
java.io.FileNotFoundException: source/company_dat (No such file or directory)
	at java.io.FileInputStream.open0(Native Method)
	at java.io.FileInputStream.open(FileInputStream.java:195)
	at java.io.FileInputStream.<init>(FileInputStream.java:138)
	at com.haizhi.nlp.trie.DoubleArrayTrie.open(DoubleArrayTrie.scala:245)
	at com.haizhi.nlp.HZNLP.<init>(HZNLP.scala:44)
	at com.haizhi.nlp.EventExtract.Extractor$$anonfun$3.apply(Extractor.scala:64)
	at com.haizhi.nlp.EventExtract.Extractor$$anonfun$3.apply(Extractor.scala:62)
	at scala.collection.TraversableLike$$anonfun$map$1.apply(TraversableLike.scala:234)
	at scala.collection.TraversableLike$$anonfun$map$1.apply(TraversableLike.scala:234)
	at scala.collection.immutable.Map$Map1.foreach(Map.scala:116)
	at scala.collection.TraversableLike$class.map(TraversableLike.scala:234)
	at scala.collection.AbstractTraversable.map(Traversable.scala:104)
	at com.haizhi.nlp.EventExtract.Extractor.extract(Extractor.scala:62)
	at com.haizhi.nlp.EventExtract.Extractor.extractJson(Extractor.scala:80)
	at com.haizhi.nlp.EventExtract.Bid$.parse_text_local(Bid.scala:77)
	at com.haizhi.nlp.server.NlpImpl.bid(NlpImpl.scala:140)
	at com.haizhi.nlp.server.NlpGrpc$MethodHandlers.invoke(NlpGrpc.java:606)
	at io.grpc.stub.ServerCalls$1$1.onHalfClose(ServerCalls.java:150)
	at io.grpc.internal.ServerCallImpl$ServerStreamListenerImpl.halfClosed(ServerCallImpl.java:260)
	at io.grpc.internal.ServerImpl$JumpToApplicationThreadServerStreamListener$2.runInContext(ServerImpl.java:503)
	at io.grpc.internal.ContextRunnable.run(ContextRunnable.java:52)
	at io.grpc.internal.SerializingExecutor$TaskRunner.run(SerializingExecutor.java:154)
	at java.util.concurrent.ThreadPoolExecutor.runWorker(ThreadPoolExecutor.java:1142)
	at java.util.concurrent.ThreadPoolExecutor$Worker.run(ThreadPoolExecutor.java:617)
	at java.lang.Thread.run(Thread.java:745)
七月 31, 2017 6:07:48 下午 io.grpc.internal.SerializingExecutor$TaskRunner run
严重: Exception while executing runnable io.grpc.internal.ServerImpl$JumpToApplicationThreadServerStreamListener$2@30635248
java.lang.RuntimeException: java.lang.NoSuchMethodError: org.jsoup.select.Elements.get(I)Lorg/jsoup/nodes/Element;
	at io.grpc.internal.ServerImpl$JumpToApplicationThreadServerStreamListener$2.runInContext(ServerImpl.java:509)
	at io.grpc.internal.ContextRunnable.run(ContextRunnable.java:52)
	at io.grpc.internal.SerializingExecutor$TaskRunner.run(SerializingExecutor.java:154)
	at java.util.concurrent.ThreadPoolExecutor.runWorker(ThreadPoolExecutor.java:1142)
	at java.util.concurrent.ThreadPoolExecutor$Worker.run(ThreadPoolExecutor.java:617)
	at java.lang.Thread.run(Thread.java:745)
Caused by: java.lang.NoSuchMethodError: org.jsoup.select.Elements.get(I)Lorg/jsoup/nodes/Element;
	at com.haizhi.tableCraw.DataTableUtil.getFitElement(DataTableUtil.java:28)
	at com.haizhi.tableCraw.CrawTable.tableParse(CrawTable.java:30)
	at com.haizhi.nlp.server.NlpImpl.bid(NlpImpl.scala:141)
	at com.haizhi.nlp.server.NlpGrpc$MethodHandlers.invoke(NlpGrpc.java:606)
	at io.grpc.stub.ServerCalls$1$1.onHalfClose(ServerCalls.java:150)
	at io.grpc.internal.ServerCallImpl$ServerStreamListenerImpl.halfClosed(ServerCallImpl.java:260)
	at io.grpc.internal.ServerImpl$JumpToApplicationThreadServerStreamListener$2.runInContext(ServerImpl.java:503)
	... 5 more

七月 31, 2017 6:08:17 下午 io.grpc.internal.SerializingExecutor$TaskRunner run
严重: Exception while executing runnable io.grpc.internal.ServerImpl$JumpToApplicationThreadServerStreamListener$2@38dd9d4a
java.lang.RuntimeException: java.lang.NoSuchMethodError: org.jsoup.select.Elements.get(I)Lorg/jsoup/nodes/Element;
	at io.grpc.internal.ServerImpl$JumpToApplicationThreadServerStreamListener$2.runInContext(ServerImpl.java:509)
	at io.grpc.internal.ContextRunnable.run(ContextRunnable.java:52)
	at io.grpc.internal.SerializingExecutor$TaskRunner.run(SerializingExecutor.java:154)
	at java.util.concurrent.ThreadPoolExecutor.runWorker(ThreadPoolExecutor.java:1142)
	at java.util.concurrent.ThreadPoolExecutor$Worker.run(ThreadPoolExecutor.java:617)
	at java.lang.Thread.run(Thread.java:745)
Caused by: java.lang.NoSuchMethodError: org.jsoup.select.Elements.get(I)Lorg/jsoup/nodes/Element;
	at com.haizhi.tableCraw.DataTableUtil.getFitElement(DataTableUtil.java:28)
	at com.haizhi.tableCraw.CrawTable.tableParse(CrawTable.java:30)
	at com.haizhi.nlp.server.NlpImpl.bid(NlpImpl.scala:141)
	at com.haizhi.nlp.server.NlpGrpc$MethodHandlers.invoke(NlpGrpc.java:606)
	at io.grpc.stub.ServerCalls$1$1.onHalfClose(ServerCalls.java:150)
	at io.grpc.internal.ServerCallImpl$ServerStreamListenerImpl.halfClosed(ServerCallImpl.java:260)
	at io.grpc.internal.ServerImpl$JumpToApplicationThreadServerStreamListener$2.runInContext(ServerImpl.java:503)
	... 5 more

七月 31, 2017 6:11:01 下午 io.grpc.internal.SerializingExecutor$TaskRunner run
严重: Exception while executing runnable io.grpc.internal.ServerImpl$JumpToApplicationThreadServerStreamListener$2@1b8999c
java.lang.RuntimeException: java.lang.NoSuchMethodError: org.jsoup.select.Elements.get(I)Lorg/jsoup/nodes/Element;
	at io.grpc.internal.ServerImpl$JumpToApplicationThreadServerStreamListener$2.runInContext(ServerImpl.java:509)
	at io.grpc.internal.ContextRunnable.run(ContextRunnable.java:52)
	at io.grpc.internal.SerializingExecutor$TaskRunner.run(SerializingExecutor.java:154)
	at java.util.concurrent.ThreadPoolExecutor.runWorker(ThreadPoolExecutor.java:1142)
	at java.util.concurrent.ThreadPoolExecutor$Worker.run(ThreadPoolExecutor.java:617)
	at java.lang.Thread.run(Thread.java:745)
Caused by: java.lang.NoSuchMethodError: org.jsoup.select.Elements.get(I)Lorg/jsoup/nodes/Element;
	at com.haizhi.tableCraw.DataTableUtil.getFitElement(DataTableUtil.java:28)
	at com.haizhi.tableCraw.CrawTable.tableParse(CrawTable.java:30)
	at com.haizhi.nlp.server.NlpImpl.bid(NlpImpl.scala:141)
	at com.haizhi.nlp.server.NlpGrpc$MethodHandlers.invoke(NlpGrpc.java:606)
	at io.grpc.stub.ServerCalls$1$1.onHalfClose(ServerCalls.java:150)
	at io.grpc.internal.ServerCallImpl$ServerStreamListenerImpl.halfClosed(ServerCallImpl.java:260)
	at io.grpc.internal.ServerImpl$JumpToApplicationThreadServerStreamListener$2.runInContext(ServerImpl.java:503)
	... 5 more

*** shutting down gRPC server since JVM is shutting down
*** server shut down
java.io.FileNotFoundException: source/char_cost.utf8 (No such file or directory)
	at java.io.FileInputStream.open0(Native Method)
	at java.io.FileInputStream.open(FileInputStream.java:195)
	at java.io.FileInputStream.<init>(FileInputStream.java:138)
	at scala.io.Source$.fromFile(Source.scala:91)
	at scala.io.Source$.fromFile(Source.scala:76)
	at scala.io.Source$.fromFile(Source.scala:54)
	at com.haizhi.nlp.string.CostSimilarity.loadMap(CostSimilarity.scala:17)
	at com.haizhi.nlp.entitylink.EntityLinker.<init>(EntityLinker.scala:31)
	at com.haizhi.nlp.HZNLP.<init>(HZNLP.scala:38)
	at com.haizhi.nlp.server.NlpImpl.<init>(NlpImpl.scala:15)
	at com.haizhi.nlp.server.NlpServer.<init>(NlpServer.scala:9)
	at com.haizhi.nlp.server.NlpServer$.main(NlpServer.scala:45)
	at com.haizhi.nlp.server.NlpServer.main(NlpServer.scala)
load double array trie, file length: 0, datrie size: 0
java.io.FileNotFoundException: source/company_key_dac (No such file or directory)
	at java.io.FileInputStream.open0(Native Method)
	at java.io.FileInputStream.open(FileInputStream.java:195)
	at java.io.FileInputStream.<init>(FileInputStream.java:138)
	at com.haizhi.nlp.trie.DoubleArrayClone.open(DoubleArrayClone.scala:74)
	at com.haizhi.nlp.entitylink.EntityLinker.<init>(EntityLinker.scala:41)
	at com.haizhi.nlp.HZNLP.<init>(HZNLP.scala:38)
	at com.haizhi.nlp.server.NlpImpl.<init>(NlpImpl.scala:15)
	at com.haizhi.nlp.server.NlpServer.<init>(NlpServer.scala:9)
	at com.haizhi.nlp.server.NlpServer$.main(NlpServer.scala:45)
	at com.haizhi.nlp.server.NlpServer.main(NlpServer.scala)
load double array trie, file length: 0, datrie size: 0
java.io.FileNotFoundException: source/company_dat (No such file or directory)
	at java.io.FileInputStream.open0(Native Method)
	at java.io.FileInputStream.open(FileInputStream.java:195)
	at java.io.FileInputStream.<init>(FileInputStream.java:138)
	at com.haizhi.nlp.trie.DoubleArrayTrie.open(DoubleArrayTrie.scala:245)
	at com.haizhi.nlp.HZNLP.<init>(HZNLP.scala:44)
	at com.haizhi.nlp.server.NlpImpl.<init>(NlpImpl.scala:15)
	at com.haizhi.nlp.server.NlpServer.<init>(NlpServer.scala:9)
	at com.haizhi.nlp.server.NlpServer$.main(NlpServer.scala:45)
	at com.haizhi.nlp.server.NlpServer.main(NlpServer.scala)
*** NlpServer start at port: 51051
七月 31, 2017 6:24:06 下午 com.github.fommil.jni.JniLoader liberalLoad
信息: successfully loaded /var/folders/t0/9y8k3bl902q8qzh7qsjsxxxw0000gn/T/jniloader1184617017637647679netlib-native_system-osx-x86_64.jnilib
